2024-10-08 21:44:05,641 DEBUG Creating MSSQL Connection Pool...
2024-10-08 21:44:05,641 ERROR Hata: 'bool' object has no attribute 'create_pool'
2024-10-08 21:46:03,539 DEBUG Creating MSSQL Connection Pool...
2024-10-08 21:46:03,544 ERROR Hata: ('01000', "[01000] [unixODBC][Driver Manager]Can't open lib 'ODBC Driver 17 for SQL Server' : file not found (0) (SQLDriverConnect)")
2024-10-08 21:47:01,139 DEBUG Creating MSSQL Connection Pool...
2024-10-08 21:47:01,142 ERROR Hata: ('01000', "[01000] [unixODBC][Driver Manager]Can't open lib 'ODBC Driver 17 for SQL Server' : file not found (0) (SQLDriverConnect)")
2024-10-08 21:51:31,118 DEBUG Creating MSSQL Connection Pool...
2024-10-08 21:51:31,124 ERROR Hata: ('01000', "[01000] [unixODBC][Driver Manager]Can't open lib 'Microsoft ODBC Driver 17 for SQL Server' : file not found (0) (SQLDriverConnect)")
2024-10-08 21:52:03,605 DEBUG Creating MSSQL Connection Pool...
2024-10-08 21:52:07,731 DEBUG Creating MySQL Connection Pool...
2024-10-08 21:52:17,503 DEBUG Creating MSSQL Connection Pool...
2024-10-08 21:52:21,052 DEBUG Creating MySQL Connection Pool...
2024-10-08 21:52:21,144 DEBUG pos ve posv2 tabloları için kolon kontrolü başlatıldı.
2024-10-08 21:52:21,197 DEBUG posv2 tablosu bulunamadı, oluşturuluyor.
2024-10-08 21:52:21,415 DEBUG Create table query: CREATE TABLE posv2 (ID int, name nvarchar(50))
2024-10-08 21:52:21,472 DEBUG pos ve posv2 tabloları arasında veri senkronizasyonu başlatıldı.
2024-10-08 21:52:21,587 DEBUG Insert query: INSERT INTO posv2 (ID, ID, name) VALUES (1, '1', 'yasin')
2024-10-08 21:52:21,589 ERROR Hata: 1110 (42000): Column 'ID' specified twice
2024-10-08 21:53:20,075 DEBUG Creating MSSQL Connection Pool...
2024-10-08 21:53:23,566 DEBUG Creating MySQL Connection Pool...
2024-10-08 21:53:23,665 DEBUG pos ve posv2 tabloları için kolon kontrolü başlatıldı.
2024-10-08 21:53:23,669 DEBUG posv2 tablosu bulunamadı, oluşturuluyor.
2024-10-08 21:53:23,774 DEBUG Create table query: CREATE TABLE posv2 (name nvarchar(50))
2024-10-08 21:53:23,793 DEBUG pos ve posv2 tabloları arasında veri senkronizasyonu başlatıldı.
2024-10-08 21:53:23,890 ERROR Hata: 1054 (42S22): Unknown column 'ID' in 'field list'
2024-10-08 21:54:17,684 DEBUG Creating MSSQL Connection Pool...
2024-10-08 21:54:21,160 DEBUG Creating MySQL Connection Pool...
2024-10-08 21:54:21,249 DEBUG pos ve posv2 tabloları için kolon kontrolü başlatıldı.
2024-10-08 21:54:21,252 DEBUG posv2 tablosu bulunamadı, oluşturuluyor.
2024-10-08 21:54:21,447 DEBUG Create table query: CREATE TABLE posv2 (ID int, name nvarchar(50))
2024-10-08 21:54:21,465 DEBUG pos ve posv2 tabloları arasında veri senkronizasyonu başlatıldı.
2024-10-08 21:54:21,564 DEBUG Insert query: INSERT INTO posv2 (ID, ID, name) VALUES (1, '1', 'yasin')
2024-10-08 21:54:21,566 ERROR Hata: 1110 (42000): Column 'ID' specified twice
2024-10-08 21:55:41,989 DEBUG Creating MSSQL Connection Pool...
2024-10-08 21:55:45,736 DEBUG Creating MySQL Connection Pool...
2024-10-08 21:55:45,832 DEBUG pos ve posv2 tabloları için kolon kontrolü başlatıldı.
2024-10-08 21:55:45,851 DEBUG posv2 tablosu bulunamadı, oluşturuluyor.
2024-10-08 21:55:46,071 DEBUG Create table query: CREATE TABLE posv2 (ID int, name nvarchar(50))
2024-10-08 21:55:46,097 DEBUG pos ve posv2 tabloları arasında veri senkronizasyonu başlatıldı.
2024-10-08 21:55:46,186 DEBUG Insert query: INSERT INTO posv2 (ID, name) VALUES ('1', 'yasin')
2024-10-08 21:56:53,404 DEBUG Creating MSSQL Connection Pool...
2024-10-08 21:56:57,350 DEBUG Creating MySQL Connection Pool...
2024-10-08 21:56:57,440 DEBUG pos ve posv2 tabloları için kolon kontrolü başlatıldı.
2024-10-08 21:56:57,456 DEBUG posv2 tablosu bulunamadı, oluşturuluyor.
2024-10-08 21:56:57,672 DEBUG Create table query: CREATE TABLE posv2 (ID bigint, name nvarchar(50))
2024-10-08 21:56:57,700 DEBUG pos ve posv2 tabloları arasında veri senkronizasyonu başlatıldı.
2024-10-08 21:56:57,798 DEBUG Insert query: INSERT INTO posv2 (ID, name) VALUES ('1', 'yasin')
2024-10-08 21:56:57,801 DEBUG Insert query: INSERT INTO posv2 (ID, name) VALUES ('2', 'bilir')
2024-10-08 21:57:41,853 DEBUG Creating MSSQL Connection Pool...
2024-10-08 21:57:45,648 DEBUG Creating MySQL Connection Pool...
2024-10-08 21:57:45,737 DEBUG pos ve posv2 tabloları için kolon kontrolü başlatıldı.
2024-10-08 21:57:45,740 DEBUG posv2 tablosu bulunamadı, oluşturuluyor.
2024-10-08 21:57:45,958 DEBUG Create table query: CREATE TABLE posv2 (yb bigint, tb nvarchar(50))
2024-10-08 21:57:45,973 DEBUG pos ve posv2 tabloları arasında veri senkronizasyonu başlatıldı.
2024-10-08 21:57:46,083 ERROR Hata: 1054 (42S22): Unknown column 'ID' in 'field list'
2024-10-08 21:58:10,752 DEBUG Creating MSSQL Connection Pool...
2024-10-08 21:58:14,478 DEBUG Creating MySQL Connection Pool...
2024-10-08 21:58:14,566 DEBUG pos ve posv2 tabloları için kolon kontrolü başlatıldı.
2024-10-08 21:58:14,571 DEBUG posv2 tablosu bulunamadı, oluşturuluyor.
2024-10-08 21:58:14,837 DEBUG Create table query: CREATE TABLE posv2 (yb bigint, tb nvarchar(50))
2024-10-08 21:58:14,856 DEBUG pos ve posv2 tabloları arasında veri senkronizasyonu başlatıldı.
2024-10-08 21:58:14,964 ERROR Hata: ('42S22', "[42S22] [Microsoft][ODBC Driver 17 for SQL Server][SQL Server]Invalid column name 'yb'. (207) (SQLExecDirectW)")
2024-10-08 21:58:58,956 DEBUG Creating MSSQL Connection Pool...
2024-10-08 21:59:02,646 DEBUG Creating MySQL Connection Pool...
2024-10-08 21:59:02,747 DEBUG pos ve posv2 tabloları için kolon kontrolü başlatıldı.
2024-10-08 21:59:02,762 DEBUG posv2 tablosu bulunamadı, oluşturuluyor.
2024-10-08 21:59:02,977 DEBUG Create table query: CREATE TABLE posv2 (ID bigint, tb nvarchar(50))
2024-10-08 21:59:02,996 DEBUG pos ve posv2 tabloları arasında veri senkronizasyonu başlatıldı.
2024-10-08 21:59:03,103 DEBUG Insert query: INSERT INTO posv2 (ID, tb) VALUES ('1', 'yasin')
2024-10-08 21:59:03,106 DEBUG Insert query: INSERT INTO posv2 (ID, tb) VALUES ('2', 'bilir')
2024-10-08 22:08:52,767 DEBUG Creating MSSQL Connection Pool...
2024-10-08 22:08:56,524 DEBUG Creating MySQL Connection Pool...
2024-10-08 22:08:56,658 DEBUG pos ve posv2 tabloları için kolon kontrolü başlatıldı.
2024-10-08 22:08:56,682 DEBUG posv2 tablosu bulunamadı, oluşturuluyor.
2024-10-08 22:08:56,793 DEBUG Identity column found: ID
2024-10-08 22:08:56,914 DEBUG Create table query: CREATE TABLE posv2 (ID bigint, tb nvarchar(50)), PRIMARY KEY (ID)
2024-10-08 22:08:56,917 ERROR Hata: 1064 (42000): You have an error in your SQL syntax; check the manual that corresponds to your MySQL server version for the right syntax to use near ', PRIMARY KEY (ID)' at line 1
2024-10-08 22:09:50,414 DEBUG Creating MSSQL Connection Pool...
2024-10-08 22:09:53,924 DEBUG Creating MySQL Connection Pool...
2024-10-08 22:09:54,019 DEBUG pos ve posv2 tabloları için kolon kontrolü başlatıldı.
2024-10-08 22:09:54,041 DEBUG posv2 tablosu bulunamadı, oluşturuluyor.
2024-10-08 22:09:54,170 DEBUG Identity column found: ID
2024-10-08 22:09:54,560 DEBUG Create table query: CREATE TABLE posv2 (ID bigint, tb1 nvarchar(50), tb2 nvarchar(75), tb3 datetime(3)), PRIMARY KEY (ID)
2024-10-08 22:09:54,561 ERROR Hata: 1064 (42000): You have an error in your SQL syntax; check the manual that corresponds to your MySQL server version for the right syntax to use near ', PRIMARY KEY (ID)' at line 1
2024-10-08 22:11:03,920 DEBUG Creating MSSQL Connection Pool...
2024-10-08 22:11:07,562 DEBUG Creating MySQL Connection Pool...
2024-10-08 22:11:07,657 DEBUG pos ve posv2 tabloları için kolon kontrolü başlatıldı.
2024-10-08 22:11:07,677 DEBUG posv2 tablosu bulunamadı, oluşturuluyor.
2024-10-08 22:11:07,819 DEBUG Identity column found: ID
2024-10-08 22:11:07,820 ERROR Hata: not enough values to unpack (expected 4, got 2)
2024-10-08 22:12:03,926 DEBUG Creating MSSQL Connection Pool...
2024-10-08 22:12:08,088 DEBUG Creating MySQL Connection Pool...
2024-10-08 22:12:08,165 DEBUG pos ve posv2 tabloları için kolon kontrolü başlatıldı.
2024-10-08 22:12:08,172 DEBUG posv2 tablosu bulunamadı, oluşturuluyor.
2024-10-08 22:12:08,888 DEBUG Create table query: CREATE TABLE posv2 (ID bigint, tb1 nvarchar(50), tb2 nvarchar(75), tb3 datetime(3)), PRIMARY KEY (ID)
2024-10-08 22:12:08,897 ERROR Hata: 1064 (42000): You have an error in your SQL syntax; check the manual that corresponds to your MySQL server version for the right syntax to use near ', PRIMARY KEY (ID)' at line 1
2024-10-08 22:13:21,879 DEBUG Creating MSSQL Connection Pool...
2024-10-08 22:13:25,214 DEBUG Creating MySQL Connection Pool...
2024-10-08 22:13:25,347 DEBUG pos ve posv2 tabloları için kolon kontrolü başlatıldı.
2024-10-08 22:13:25,378 DEBUG posv2 tablosu bulunamadı, oluşturuluyor.
2024-10-08 22:13:25,485 DEBUG Identity column found: ID
2024-10-08 22:13:25,789 DEBUG Create table query: CREATE TABLE posv2 (ID bigint, tb1 nvarchar(50), tb2 nvarchar(75), tb3 datetime, PRIMARY KEY (ID))
2024-10-08 22:13:25,840 DEBUG pos ve posv2 tabloları arasında veri senkronizasyonu başlatıldı.
2024-10-08 22:13:25,944 DEBUG Insert query: INSERT INTO posv2 (ID, tb1, tb2, tb3) VALUES ('1', 'yb', 'blr', '2024-10-08 19:08:37.923000')
2024-10-08 22:13:25,947 DEBUG Insert query: INSERT INTO posv2 (ID, tb1, tb2, tb3) VALUES ('2', 'yb2', 'blr2', '2024-10-08 19:08:46.573000')
2024-10-08 22:15:52,346 DEBUG Creating MSSQL Connection Pool...
2024-10-08 22:15:55,784 DEBUG Creating MySQL Connection Pool...
2024-10-08 22:15:55,902 DEBUG pos ve posv2 tabloları için kolon kontrolü başlatıldı.
2024-10-08 22:15:55,932 DEBUG posv2 tablosu bulunamadı, oluşturuluyor.
2024-10-08 22:15:56,055 DEBUG Identity column found: ID with seed 1 and increment 1
2024-10-08 22:15:56,379 DEBUG Create table query: CREATE TABLE posv2 (ID bigint AUTO_INCREMENT, tb1 nvarchar(50), tb2 nvarchar(75), tb3 datetime, PRIMARY KEY (ID))
2024-10-08 22:15:56,415 DEBUG Set AUTO_INCREMENT seed: ALTER TABLE posv2 AUTO_INCREMENT = 1
2024-10-08 22:15:56,423 DEBUG pos ve posv2 tabloları arasında veri senkronizasyonu başlatıldı.
2024-10-08 22:15:56,510 DEBUG Insert query: INSERT INTO posv2 (ID, tb1, tb2, tb3) VALUES ('1', 'yb', 'blr', '2024-10-08 19:08:37.923000')
2024-10-08 22:15:56,513 DEBUG Insert query: INSERT INTO posv2 (ID, tb1, tb2, tb3) VALUES ('2', 'yb2', 'blr2', '2024-10-08 19:08:46.573000')
2024-10-08 22:20:01,768 DEBUG Creating MSSQL Connection Pool...
2024-10-08 22:20:05,177 DEBUG Creating MySQL Connection Pool...
2024-10-08 22:20:05,265 DEBUG pos ve posv2 tabloları için kolon kontrolü başlatıldı.
2024-10-08 22:20:05,281 DEBUG posv2 tablosu bulunamadı, oluşturuluyor.
2024-10-08 22:20:05,487 DEBUG Identity column found: ID with seed 1 and increment 1
2024-10-08 22:20:05,775 DEBUG Create table query: CREATE TABLE posv2 (ID bigint AUTO_INCREMENT, name nvarchar(50), surname nvarchar(75), ts datetime, PRIMARY KEY (ID))
2024-10-08 22:20:05,800 DEBUG Set AUTO_INCREMENT seed: ALTER TABLE posv2 AUTO_INCREMENT = 1
2024-10-08 22:20:05,811 DEBUG pos ve posv2 tabloları arasında veri senkronizasyonu başlatıldı.
2024-10-08 22:20:05,903 DEBUG Insert query: INSERT INTO posv2 (ID, tb1, tb2, tb3) VALUES ('1', 'yb', 'blr', '2024-10-08 19:08:37.923000')
2024-10-08 22:20:05,906 ERROR Hata: 1054 (42S22): Unknown column 'tb1' in 'field list'
2024-10-08 22:21:59,016 DEBUG Creating MSSQL Connection Pool...
2024-10-08 22:22:02,720 DEBUG Creating MySQL Connection Pool...
2024-10-08 22:22:02,814 DEBUG pos ve posv2 tabloları için kolon kontrolü başlatıldı.
2024-10-08 22:22:02,832 DEBUG posv2 tablosu bulunamadı, oluşturuluyor.
2024-10-08 22:22:02,959 DEBUG Identity column found: ID with seed 1 and increment 1
2024-10-08 22:22:03,303 DEBUG Create table query: CREATE TABLE posv2 (ID bigint AUTO_INCREMENT, name nvarchar(50), surname nvarchar(75), ts datetime, PRIMARY KEY (ID))
2024-10-08 22:22:03,329 DEBUG Set AUTO_INCREMENT seed: ALTER TABLE posv2 AUTO_INCREMENT = 1
2024-10-08 22:22:03,342 ERROR Hata: sync_data() missing 1 required positional argument: 'use_as_is'
2024-10-08 22:23:13,922 DEBUG Creating MSSQL Connection Pool...
2024-10-08 22:23:17,398 DEBUG Creating MySQL Connection Pool...
2024-10-08 22:23:17,491 DEBUG pos ve posv2 tabloları için kolon kontrolü başlatıldı.
2024-10-08 22:23:17,508 DEBUG posv2 tablosu bulunamadı, oluşturuluyor.
2024-10-08 22:23:17,641 DEBUG Identity column found: ID with seed 1 and increment 1
2024-10-08 22:23:17,931 DEBUG Create table query: CREATE TABLE posv2 (ID bigint AUTO_INCREMENT, name nvarchar(50), surname nvarchar(75), ts datetime, PRIMARY KEY (ID))
2024-10-08 22:23:17,962 DEBUG Set AUTO_INCREMENT seed: ALTER TABLE posv2 AUTO_INCREMENT = 1
2024-10-08 22:23:17,975 DEBUG pos ve posv2 tabloları arasında veri senkronizasyonu başlatıldı.
2024-10-08 22:23:18,087 DEBUG Insert query: INSERT INTO posv2 (ID, name, surname, ts) VALUES ('1', 'yb', 'blr', '2024-10-08 19:08:37.923000')
2024-10-08 22:23:18,090 DEBUG Insert query: INSERT INTO posv2 (ID, name, surname, ts) VALUES ('2', 'yb2', 'blr2', '2024-10-08 19:08:46.573000')
2024-10-08 22:27:10,980 DEBUG Creating MSSQL Connection Pool...
2024-10-08 22:27:14,549 DEBUG Creating MySQL Connection Pool...
2024-10-08 22:27:14,649 DEBUG pos ve posv2 tabloları için kolon kontrolü başlatıldı.
2024-10-08 22:27:14,671 DEBUG pos tablosu bulunamadı, oluşturuluyor.
2024-10-08 22:27:14,794 DEBUG Identity column found: ID with seed 1 and increment 1
2024-10-08 22:27:15,105 DEBUG Create table query: CREATE TABLE pos (ID bigint AUTO_INCREMENT, name nvarchar(50), surname nvarchar(75), ts datetime, PRIMARY KEY (ID))
2024-10-08 22:27:15,133 DEBUG Set AUTO_INCREMENT seed: ALTER TABLE pos AUTO_INCREMENT = 1
2024-10-08 22:27:15,144 DEBUG pos ve posv2 tabloları arasında veri senkronizasyonu başlatıldı.
2024-10-08 22:27:15,250 ERROR Hata: 1146 (42S02): Table 'portaldb.posv2' doesn't exist
2024-10-08 22:29:22,009 DEBUG Creating MSSQL Connection Pool...
2024-10-08 22:29:25,616 DEBUG Creating MySQL Connection Pool...
2024-10-08 22:29:25,709 DEBUG pos ve posv2 tabloları için kolon kontrolü başlatıldı.
2024-10-08 22:29:25,727 ERROR Hata: create_target_table() missing 1 required positional argument: 'column_as_is'
2024-10-08 22:30:32,359 DEBUG Creating MSSQL Connection Pool...
2024-10-08 22:30:35,939 DEBUG Creating MySQL Connection Pool...
2024-10-08 22:30:36,027 DEBUG pos ve posv2 tabloları için kolon kontrolü başlatıldı.
2024-10-08 22:30:36,050 DEBUG pos tablosu bulunamadı, oluşturuluyor.
2024-10-08 22:30:36,180 DEBUG Identity column found: ID with seed 1 and increment 1
2024-10-08 22:30:36,480 DEBUG Create table query: CREATE TABLE pos (ID bigint AUTO_INCREMENT, name nvarchar(50), surname nvarchar(75), ts datetime, PRIMARY KEY (ID))
2024-10-08 22:30:36,531 DEBUG Set AUTO_INCREMENT seed: ALTER TABLE pos AUTO_INCREMENT = 1
2024-10-08 22:30:36,540 DEBUG pos ve posv2 tabloları arasında veri senkronizasyonu başlatıldı.
2024-10-08 22:30:36,627 DEBUG Insert query: INSERT INTO pos (ID, name, surname, ts) VALUES ('1', 'yb', 'blr', '2024-10-08 19:08:37.923000')
2024-10-08 22:30:36,629 DEBUG Insert query: INSERT INTO pos (ID, name, surname, ts) VALUES ('2', 'yb2', 'blr2', '2024-10-08 19:08:46.573000')
2024-10-08 22:31:30,192 DEBUG Creating MSSQL Connection Pool...
2024-10-08 22:31:33,879 DEBUG Creating MySQL Connection Pool...
2024-10-08 22:31:33,969 DEBUG pos ve posv2 tabloları için kolon kontrolü başlatıldı.
2024-10-08 22:31:33,985 DEBUG posv2 tablosu bulunamadı, oluşturuluyor.
2024-10-08 22:31:34,098 DEBUG Identity column found: ID with seed 1 and increment 1
2024-10-08 22:31:34,418 DEBUG Create table query: CREATE TABLE posv2 (ID bigint AUTO_INCREMENT, name nvarchar(50), surname nvarchar(75), ts datetime, PRIMARY KEY (ID))
2024-10-08 22:31:34,447 DEBUG Set AUTO_INCREMENT seed: ALTER TABLE posv2 AUTO_INCREMENT = 1
2024-10-08 22:31:34,458 DEBUG pos ve posv2 tabloları arasında veri senkronizasyonu başlatıldı.
2024-10-08 22:31:34,551 DEBUG Insert query: INSERT INTO posv2 (ID, name, surname, ts) VALUES ('1', 'yb', 'blr', '2024-10-08 19:08:37.923000')
2024-10-08 22:31:34,555 DEBUG Insert query: INSERT INTO posv2 (ID, name, surname, ts) VALUES ('2', 'yb2', 'blr2', '2024-10-08 19:08:46.573000')
2024-10-08 22:31:57,041 DEBUG Creating MSSQL Connection Pool...
2024-10-08 22:32:00,650 DEBUG Creating MySQL Connection Pool...
2024-10-08 22:32:00,740 DEBUG pos ve posv2 tabloları için kolon kontrolü başlatıldı.
2024-10-08 22:32:00,746 DEBUG posv2 tablosu bulunamadı, oluşturuluyor.
2024-10-08 22:32:00,881 DEBUG Identity column found: ID with seed 1 and increment 1
2024-10-08 22:32:01,195 DEBUG Create table query: CREATE TABLE posv2 (ID bigint AUTO_INCREMENT, tb1 nvarchar(50), tb2 nvarchar(75), tb3 datetime, PRIMARY KEY (ID))
2024-10-08 22:32:01,218 DEBUG Set AUTO_INCREMENT seed: ALTER TABLE posv2 AUTO_INCREMENT = 1
2024-10-08 22:32:01,226 DEBUG pos ve posv2 tabloları arasında veri senkronizasyonu başlatıldı.
2024-10-08 22:32:01,328 DEBUG Insert query: INSERT INTO posv2 (ID, tb1, tb2, tb3) VALUES ('1', 'yb', 'blr', '2024-10-08 19:08:37.923000')
2024-10-08 22:32:01,330 DEBUG Insert query: INSERT INTO posv2 (ID, tb1, tb2, tb3) VALUES ('2', 'yb2', 'blr2', '2024-10-08 19:08:46.573000')
2024-10-08 22:32:27,287 DEBUG Creating MSSQL Connection Pool...
2024-10-08 22:32:30,675 DEBUG Creating MySQL Connection Pool...
2024-10-08 22:32:30,763 DEBUG pos ve posv2 tabloları için kolon kontrolü başlatıldı.
2024-10-08 22:32:30,770 DEBUG pos tablosu bulunamadı, oluşturuluyor.
2024-10-08 22:32:30,905 DEBUG Identity column found: ID with seed 1 and increment 1
2024-10-08 22:32:31,216 DEBUG Create table query: CREATE TABLE pos (ID bigint AUTO_INCREMENT, tb1 nvarchar(50), tb2 nvarchar(75), tb3 datetime, PRIMARY KEY (ID))
2024-10-08 22:32:31,232 DEBUG Set AUTO_INCREMENT seed: ALTER TABLE pos AUTO_INCREMENT = 1
2024-10-08 22:32:31,242 DEBUG pos ve posv2 tabloları arasında veri senkronizasyonu başlatıldı.
2024-10-08 22:32:31,340 DEBUG Insert query: INSERT INTO pos (ID, tb1, tb2, tb3) VALUES ('1', 'yb', 'blr', '2024-10-08 19:08:37.923000')
2024-10-08 22:32:31,341 DEBUG Insert query: INSERT INTO pos (ID, tb1, tb2, tb3) VALUES ('2', 'yb2', 'blr2', '2024-10-08 19:08:46.573000')
2024-10-08 22:39:50,422 DEBUG Creating MSSQL Connection Pool...
2024-10-08 22:39:53,900 DEBUG Creating MySQL Connection Pool...
2024-10-08 22:39:54,017 DEBUG posv3 ve posv2 tabloları için kolon kontrolü başlatıldı.
2024-10-08 22:39:54,047 DEBUG posv3 tablosu bulunamadı, oluşturuluyor.
2024-10-08 22:39:54,187 DEBUG Identity column found: ID with seed 1 and increment 1
2024-10-08 22:39:54,293 ERROR Hata: Source'da posv3 tablosunda name kolonunun tipi bulunamadı.
2024-10-08 22:42:49,048 DEBUG Creating MSSQL Connection Pool...
2024-10-08 22:42:52,605 DEBUG Creating MySQL Connection Pool...
2024-10-08 22:42:52,705 DEBUG posv3 ve posv2 tabloları için kolon kontrolü başlatıldı.
2024-10-08 22:42:52,837 DEBUG posv3 tablosu bulunamadı, oluşturuluyor.
2024-10-08 22:42:52,933 DEBUG Identity column found: ID with seed 1 and increment 1
2024-10-08 22:42:54,488 DEBUG Create table query: CREATE TABLE posv3 (ID BIGINT AUTO_INCREMENT, testcolumn1 SMALLINT, testcolumn2 TINYINT, testcolumn3 FLOAT, testcolumn4 DECIMAL(18,8), testcolumn5 DECIMAL(18,2), testcolumn6 TEXT, testcolumn7 TEXT, testcolumn8 DATETIME, testcolumn9 TEXT, testcolumn10 TEXT, testcolumn11 TEXT, testcolumn12 CHAR(36), testcolumn13 CHAR(10), PRIMARY KEY (ID))
2024-10-08 22:42:54,545 DEBUG Set AUTO_INCREMENT seed: ALTER TABLE posv3 AUTO_INCREMENT = 1
2024-10-08 22:42:54,558 DEBUG posv3 ve posv2 tabloları arasında veri senkronizasyonu başlatıldı.
2024-10-08 22:45:37,799 DEBUG Creating MSSQL Connection Pool...
2024-10-08 22:45:41,920 DEBUG Creating MySQL Connection Pool...
2024-10-08 22:45:42,013 DEBUG posv3 ve posv2 tabloları için kolon kontrolü başlatıldı.
2024-10-08 22:45:42,164 DEBUG posv3 tablosu bulunamadı, oluşturuluyor.
2024-10-08 22:45:42,272 DEBUG Identity column found: ID with seed 1 and increment 1
2024-10-08 22:45:43,754 DEBUG Create table query: CREATE TABLE posv3 (ID BIGINT AUTO_INCREMENT, testcolumn1 SMALLINT, testcolumn2 TINYINT, testcolumn3 FLOAT, testcolumn4 DECIMAL(18,8), testcolumn5 DECIMAL(18,2), testcolumn6 TEXT, testcolumn7 TEXT, testcolumn8 DATETIME, testcolumn9 TEXT, testcolumn10 TEXT, testcolumn11 TEXT, testcolumn12 CHAR(36), testcolumn13 CHAR(10), PRIMARY KEY (ID))
2024-10-08 22:45:43,787 DEBUG Set AUTO_INCREMENT seed: ALTER TABLE posv3 AUTO_INCREMENT = 1
2024-10-08 22:45:43,799 DEBUG posv3 ve posv2 tabloları arasında veri senkronizasyonu başlatıldı.
2024-10-08 22:45:44,014 DEBUG Insert query: INSERT INTO posv3 (ID, testcolumn1, testcolumn2, testcolumn3, testcolumn4, testcolumn5, testcolumn6, testcolumn7, testcolumn8, testcolumn9, testcolumn10, testcolumn11, testcolumn12, testcolumn13) VALUES ('1', '5', '2', '12.34', '1234567.12345678', '98765.12', 'example nvarchar', 'example varchar', '2024-10-08 12:35:00', 'example text', 'example ntext', '<xml><data>example</data></xml>', '550E8400-E29B-41D4-A716-446655440000', 'example   ')
2024-10-08 22:54:04,194 DEBUG Creating MSSQL Connection Pool...
2024-10-08 22:54:07,763 DEBUG Creating MySQL Connection Pool...
2024-10-08 22:54:07,851 DEBUG posv3 ve posv2 tabloları için kolon kontrolü başlatıldı.
2024-10-08 22:54:07,962 DEBUG posv3 tablosu bulunamadı, oluşturuluyor.
2024-10-08 22:54:08,057 DEBUG Identity column found: ID with seed 1 and increment 1
2024-10-08 22:54:08,879 ERROR Hata: cannot access local variable 'column_type' where it is not associated with a value
2024-10-08 22:55:12,452 DEBUG Creating MSSQL Connection Pool...
2024-10-08 22:55:16,129 DEBUG Creating MySQL Connection Pool...
2024-10-08 22:55:16,226 DEBUG posv3 ve posv2 tabloları için kolon kontrolü başlatıldı.
2024-10-08 22:55:16,371 DEBUG posv3 tablosu bulunamadı, oluşturuluyor.
2024-10-08 22:55:16,486 DEBUG Identity column found: ID with seed 1 and increment 1
2024-10-08 22:55:17,380 ERROR Hata: Bilinmeyen veri tipi: smalldatetime için dönüşüm yapılamadı.
2024-10-08 22:56:18,961 DEBUG Creating MSSQL Connection Pool...
2024-10-08 22:56:22,573 DEBUG Creating MySQL Connection Pool...
2024-10-08 22:56:22,671 DEBUG posv3 ve posv2 tabloları için kolon kontrolü başlatıldı.
2024-10-08 22:56:22,805 DEBUG posv3 tablosu bulunamadı, oluşturuluyor.
2024-10-08 22:56:22,917 DEBUG Identity column found: ID with seed 1 and increment 1
2024-10-08 22:56:23,798 ERROR Hata: Bilinmeyen veri tipi: text için dönüşüm yapılamadı.
2024-10-08 22:57:15,615 DEBUG Creating MSSQL Connection Pool...
2024-10-08 22:57:19,130 DEBUG Creating MySQL Connection Pool...
2024-10-08 22:57:19,219 DEBUG posv3 ve posv2 tabloları için kolon kontrolü başlatıldı.
2024-10-08 22:57:19,333 DEBUG posv3 tablosu bulunamadı, oluşturuluyor.
2024-10-08 22:57:19,435 DEBUG Identity column found: ID with seed 1 and increment 1
2024-10-08 22:57:20,747 ERROR Hata: Bilinmeyen veri tipi: uniqueidentifier için dönüşüm yapılamadı.
2024-10-08 22:59:51,936 DEBUG Creating MSSQL Connection Pool...
2024-10-08 22:59:55,696 DEBUG Creating MySQL Connection Pool...
2024-10-08 22:59:55,820 DEBUG posv3 ve posv2 tabloları için kolon kontrolü başlatıldı.
2024-10-08 22:59:55,977 DEBUG posv3 tablosu bulunamadı, oluşturuluyor.
2024-10-08 22:59:56,084 DEBUG Identity column found: ID with seed 1 and increment 1
2024-10-08 22:59:58,762 DEBUG Create table query: CREATE TABLE posv3 (ID BIGINT AUTO_INCREMENT, testcolumn1 SMALLINT, testcolumn2 TINYINT, testcolumn3 FLOAT, testcolumn4 DECIMAL(18,8), testcolumn5 DECIMAL(18,2), testcolumn6 TEXT, testcolumn7 TEXT, testcolumn8 DATETIME, testcolumn9 LONGTEXT, testcolumn10 LONGTEXT, testcolumn11 TEXT, testcolumn12 CHAR(36), testcolumn13 CHAR(10), testcolumn14 BINARY(50), testcolumn15 TINYINT(1), testcolumn16 DATE, testcolumn17 DATETIME(6), testcolumn18 DATETIME, testcolumn19 DATETIME, testcolumn20 LONGBLOB, testcolumn21 DECIMAL(19,4), testcolumn22 FLOAT, testcolumn23 DECIMAL(10,4), testcolumn24 TIME(6), testcolumn25 VARBINARY(50), testcolumn26 LONGBLOB, PRIMARY KEY (ID))
2024-10-08 22:59:58,813 DEBUG Set AUTO_INCREMENT seed: ALTER TABLE posv3 AUTO_INCREMENT = 1
2024-10-08 22:59:58,838 DEBUG posv3 ve posv2 tabloları arasında veri senkronizasyonu başlatıldı.
2024-10-08 22:59:59,051 ERROR Hata: ('ODBC SQL type -155 is not yet supported.  column-index=19  type=-155', 'HY106')
2024-10-08 23:01:11,376 DEBUG Creating MSSQL Connection Pool...
2024-10-08 23:01:14,775 DEBUG Creating MySQL Connection Pool...
2024-10-08 23:01:14,905 DEBUG posv3 ve posv2 tabloları için kolon kontrolü başlatıldı.
2024-10-08 23:01:15,037 DEBUG posv3 tablosu bulunamadı, oluşturuluyor.
2024-10-08 23:01:15,140 DEBUG Identity column found: ID with seed 1 and increment 1
2024-10-08 23:01:17,651 DEBUG Create table query: CREATE TABLE posv3 (ID BIGINT AUTO_INCREMENT, testcolumn1 SMALLINT, testcolumn2 TINYINT, testcolumn3 FLOAT, testcolumn4 DECIMAL(18,8), testcolumn5 DECIMAL(18,2), testcolumn6 TEXT, testcolumn7 TEXT, testcolumn8 DATETIME, testcolumn9 LONGTEXT, testcolumn10 LONGTEXT, testcolumn11 TEXT, testcolumn12 CHAR(36), testcolumn13 CHAR(10), testcolumn14 BINARY(50), testcolumn15 TINYINT(1), testcolumn16 DATE, testcolumn17 DATETIME(6), testcolumn18 DATETIME, testcolumn19 VARCHAR(40), testcolumn20 LONGBLOB, testcolumn21 DECIMAL(19,4), testcolumn22 FLOAT, testcolumn23 DECIMAL(10,4), testcolumn24 TIME(6), testcolumn25 VARBINARY(50), testcolumn26 LONGBLOB, PRIMARY KEY (ID))
2024-10-08 23:01:17,702 DEBUG Set AUTO_INCREMENT seed: ALTER TABLE posv3 AUTO_INCREMENT = 1
2024-10-08 23:01:17,713 DEBUG posv3 ve posv2 tabloları arasında veri senkronizasyonu başlatıldı.
2024-10-08 23:01:17,924 ERROR Hata: ('ODBC SQL type -155 is not yet supported.  column-index=19  type=-155', 'HY106')
2024-10-08 23:02:56,799 DEBUG Creating MSSQL Connection Pool...
2024-10-08 23:03:00,356 DEBUG Creating MySQL Connection Pool...
2024-10-08 23:03:00,461 DEBUG posv3 ve posv2 tabloları için kolon kontrolü başlatıldı.
2024-10-08 23:03:00,591 DEBUG posv3 tablosu bulunamadı, oluşturuluyor.
2024-10-08 23:03:00,702 DEBUG Identity column found: ID with seed 1 and increment 1
2024-10-08 23:03:03,386 DEBUG Create table query: CREATE TABLE posv3 (ID BIGINT AUTO_INCREMENT, testcolumn1 SMALLINT, testcolumn2 TINYINT, testcolumn3 FLOAT, testcolumn4 DECIMAL(18,8), testcolumn5 DECIMAL(18,2), testcolumn6 TEXT, testcolumn7 TEXT, testcolumn8 DATETIME, testcolumn9 LONGTEXT, testcolumn10 LONGTEXT, testcolumn11 TEXT, testcolumn12 CHAR(36), testcolumn13 CHAR(10), testcolumn14 BINARY(50), testcolumn15 TINYINT(1), testcolumn16 DATE, testcolumn17 DATETIME(6), testcolumn18 DATETIME, testcolumn20 LONGBLOB, testcolumn21 DECIMAL(19,4), testcolumn22 FLOAT, testcolumn23 DECIMAL(10,4), testcolumn24 TIME(6), testcolumn25 VARBINARY(50), testcolumn26 LONGBLOB, PRIMARY KEY (ID))
2024-10-08 23:03:03,419 DEBUG Set AUTO_INCREMENT seed: ALTER TABLE posv3 AUTO_INCREMENT = 1
2024-10-08 23:03:03,433 DEBUG posv3 ve posv2 tabloları arasında veri senkronizasyonu başlatıldı.
2024-10-08 23:03:03,643 DEBUG Insert query: INSERT INTO posv3 (ID, testcolumn1, testcolumn2, testcolumn3, testcolumn4, testcolumn5, testcolumn6, testcolumn7, testcolumn8, testcolumn9, testcolumn10, testcolumn11, testcolumn12, testcolumn13, testcolumn14, testcolumn15, testcolumn16, testcolumn17, testcolumn18, testcolumn20, testcolumn21, testcolumn22, testcolumn23, testcolumn24, testcolumn25, testcolumn26) VALUES ('1', '5', '2', '12.34', '1234567.12345678', '98765.12', 'example nvarchar', 'example varchar', '2024-10-08 12:35:00', 'example text', 'example ntext', '<xml><data>example</data></xml>', '550E8400-E29B-41D4-A716-446655440000', 'example   ', 'b'\x124Vx\x90\xab\xcd\xef\x00\x00\x00\x00\x00\x00\x00\x00\x00\x00\x00\x00\x00\x00\x00\x00\x00\x00\x00\x00\x00\x00\x00\x00\x00\x00\x00\x00\x00\x00\x00\x00\x00\x00\x00\x00\x00\x00\x00\x00\x00\x00'', 'True', '2024-10-08', '2024-10-08 12:34:56.123456', '2024-10-08 12:34:56', 'b'\xab\xcd\xef\x124Vx\x90'', '12345.6700', '123.44999694824219', '123.4500', '12:34:56.123456', 'b'\x124Vx\x90\xab\xcd\xef'', 'b'\xab\xcd\xef\x124Vx\x90\xab\xcd\xef'')
2024-10-08 23:03:03,645 ERROR Hata: 1064 (42000): You have an error in your SQL syntax; check the manual that corresponds to your MySQL server version for the right syntax to use near '\x124Vx\x90\xab\xcd\xef\x00\x00\x00\x00\x00\x00\x00\x00\x00\x00\x00\x00\x00\x00\' at line 1
2024-10-08 23:03:59,121 DEBUG Creating MSSQL Connection Pool...
2024-10-08 23:04:02,606 DEBUG Creating MySQL Connection Pool...
2024-10-08 23:04:02,705 DEBUG posv3 ve posv2 tabloları için kolon kontrolü başlatıldı.
2024-10-08 23:04:02,851 DEBUG posv3 tablosu bulunamadı, oluşturuluyor.
2024-10-08 23:04:02,961 DEBUG Identity column found: ID with seed 1 and increment 1
2024-10-08 23:04:05,604 DEBUG Create table query: CREATE TABLE posv3 (ID BIGINT AUTO_INCREMENT, testcolumn1 SMALLINT, testcolumn2 TINYINT, testcolumn3 FLOAT, testcolumn4 DECIMAL(18,8), testcolumn5 DECIMAL(18,2), testcolumn6 TEXT, testcolumn7 TEXT, testcolumn8 DATETIME, testcolumn9 LONGTEXT, testcolumn10 LONGTEXT, testcolumn11 TEXT, testcolumn12 CHAR(36), testcolumn13 CHAR(10), testcolumn14 BINARY(50), testcolumn15 TINYINT(1), testcolumn16 DATE, testcolumn17 DATETIME(6), testcolumn18 DATETIME, testcolumn20 LONGBLOB, testcolumn21 DECIMAL(19,4), testcolumn22 FLOAT, testcolumn23 DECIMAL(10,4), testcolumn24 TIME(6), testcolumn25 VARBINARY(50), testcolumn26 LONGBLOB, PRIMARY KEY (ID))
2024-10-08 23:04:05,649 DEBUG Set AUTO_INCREMENT seed: ALTER TABLE posv3 AUTO_INCREMENT = 1
2024-10-08 23:04:05,664 DEBUG posv3 ve posv2 tabloları arasında veri senkronizasyonu başlatıldı.
2024-10-08 23:04:05,879 DEBUG Insert query: INSERT INTO posv3 (ID, testcolumn1, testcolumn2, testcolumn3, testcolumn4, testcolumn5, testcolumn6, testcolumn7, testcolumn8, testcolumn9, testcolumn10, testcolumn11, testcolumn12, testcolumn13, testcolumn14, testcolumn15, testcolumn16, testcolumn17, testcolumn18, testcolumn20, testcolumn21, testcolumn22, testcolumn23, testcolumn24, testcolumn25, testcolumn26) VALUES ('1', '5', '2', '12.34', '1234567.12345678', '98765.12', 'example nvarchar', 'example varchar', '2024-10-08 12:35:00', 'example text', 'example ntext', '<xml><data>example</data></xml>', '550E8400-E29B-41D4-A716-446655440000', 'example   ', X'1234567890abcdef000000000000000000000000000000000000000000000000000000000000000000000000000000000000', 1, '2024-10-08', '2024-10-08 12:34:56.123456', '2024-10-08 12:34:56', X'abcdef1234567890', '12345.6700', '123.44999694824219', '123.4500', '12:34:56.123456', X'1234567890abcdef', X'abcdef1234567890abcdef')
2024-10-08 23:05:45,307 DEBUG Creating MSSQL Connection Pool...
2024-10-08 23:05:48,879 DEBUG Creating MySQL Connection Pool...
2024-10-08 23:05:48,982 ERROR Hata: 'target_table'
2024-10-08 23:08:46,167 DEBUG Creating MSSQL Connection Pool...
2024-10-08 23:08:49,697 DEBUG Creating MySQL Connection Pool...
2024-10-08 23:08:49,914 DEBUG posv3 ve posv3 tabloları için kolon kontrolü başlatıldı.
2024-10-08 23:08:50,037 DEBUG posv3 tablosu bulunamadı, oluşturuluyor.
2024-10-08 23:08:50,151 DEBUG Identity column found: ID with seed 1 and increment 1
2024-10-08 23:08:52,922 DEBUG Create table query: CREATE TABLE posv3 (ID BIGINT AUTO_INCREMENT, testcolumn1 SMALLINT, testcolumn2 TINYINT, testcolumn3 FLOAT, testcolumn4 DECIMAL(18,8), testcolumn5 DECIMAL(18,2), testcolumn6 TEXT, testcolumn7 TEXT, testcolumn8 DATETIME, testcolumn9 LONGTEXT, testcolumn10 LONGTEXT, testcolumn11 TEXT, testcolumn12 CHAR(36), testcolumn13 CHAR(10), testcolumn14 BINARY(50), testcolumn15 TINYINT(1), testcolumn16 DATE, testcolumn17 DATETIME(6), testcolumn18 DATETIME, testcolumn20 LONGBLOB, testcolumn21 DECIMAL(19,4), testcolumn22 FLOAT, testcolumn23 DECIMAL(10,4), testcolumn24 TIME(6), testcolumn25 VARBINARY(50), testcolumn26 LONGBLOB, PRIMARY KEY (ID))
2024-10-08 23:08:52,974 DEBUG Set AUTO_INCREMENT seed: ALTER TABLE posv3 AUTO_INCREMENT = 1
2024-10-08 23:08:52,986 DEBUG posv3 ve posv3 tabloları arasında veri senkronizasyonu başlatıldı.
2024-10-08 23:08:53,240 DEBUG Insert query: INSERT INTO posv3 (ID, testcolumn1, testcolumn2, testcolumn3, testcolumn4, testcolumn5, testcolumn6, testcolumn7, testcolumn8, testcolumn9, testcolumn10, testcolumn11, testcolumn12, testcolumn13, testcolumn14, testcolumn15, testcolumn16, testcolumn17, testcolumn18, testcolumn20, testcolumn21, testcolumn22, testcolumn23, testcolumn24, testcolumn25, testcolumn26) VALUES ('1', '5', '2', '12.34', '1234567.12345678', '98765.12', 'example nvarchar', 'example varchar', '2024-10-08 12:35:00', 'example text', 'example ntext', '<xml><data>example</data></xml>', '550E8400-E29B-41D4-A716-446655440000', 'example   ', X'1234567890abcdef000000000000000000000000000000000000000000000000000000000000000000000000000000000000', 1, '2024-10-08', '2024-10-08 12:34:56.123456', '2024-10-08 12:34:56', X'abcdef1234567890', '12345.6700', '123.44999694824219', '123.4500', '12:34:56.123456', X'1234567890abcdef', X'abcdef1234567890abcdef')
2024-10-08 23:09:20,651 DEBUG Creating MSSQL Connection Pool...
2024-10-08 23:09:24,074 DEBUG Creating MySQL Connection Pool...
2024-10-08 23:09:24,238 DEBUG posv3 ve posv3 tabloları için kolon kontrolü başlatıldı.
2024-10-08 23:09:24,356 DEBUG posv3 tablosu bulunamadı, oluşturuluyor.
2024-10-08 23:09:24,463 DEBUG Identity column found: ID with seed 1 and increment 1
2024-10-08 23:09:27,084 DEBUG Create table query: CREATE TABLE posv3 (ID BIGINT AUTO_INCREMENT, testcolumn1 SMALLINT, testcolumn2 TINYINT, testcolumn3 FLOAT, testcolumn4 DECIMAL(18,8), testcolumn5 DECIMAL(18,2), testcolumn6 TEXT, testcolumn7 TEXT, testcolumn8 DATETIME, testcolumn9 LONGTEXT, testcolumn10 LONGTEXT, testcolumn11 TEXT, testcolumn12 CHAR(36), testcolumn13 CHAR(10), testcolumn14 BINARY(50), testcolumn15 TINYINT(1), testcolumn16 DATE, testcolumn17 DATETIME(6), testcolumn18 DATETIME, testcolumn20 LONGBLOB, testcolumn21 DECIMAL(19,4), testcolumn22 FLOAT, testcolumn23 DECIMAL(10,4), testcolumn24 TIME(6), testcolumn25 VARBINARY(50), testcolumn26 LONGBLOB, PRIMARY KEY (ID))
2024-10-08 23:09:27,114 DEBUG Set AUTO_INCREMENT seed: ALTER TABLE posv3 AUTO_INCREMENT = 1
2024-10-08 23:09:27,125 DEBUG posv3 ve posv3 tabloları arasında veri senkronizasyonu başlatıldı.
2024-10-08 23:09:27,340 DEBUG Insert query: INSERT INTO posv3 (ID, testcolumn1, testcolumn2, testcolumn3, testcolumn4, testcolumn5, testcolumn6, testcolumn7, testcolumn8, testcolumn9, testcolumn10, testcolumn11, testcolumn12, testcolumn13, testcolumn14, testcolumn15, testcolumn16, testcolumn17, testcolumn18, testcolumn20, testcolumn21, testcolumn22, testcolumn23, testcolumn24, testcolumn25, testcolumn26) VALUES ('1', '5', '2', '12.34', '1234567.12345678', '98765.12', 'example nvarchar', 'example varchar', '2024-10-08 12:35:00', 'example text', 'example ntext', '<xml><data>example</data></xml>', '550E8400-E29B-41D4-A716-446655440000', 'example   ', X'1234567890abcdef000000000000000000000000000000000000000000000000000000000000000000000000000000000000', 1, '2024-10-08', '2024-10-08 12:34:56.123456', '2024-10-08 12:34:56', X'abcdef1234567890', '12345.6700', '123.44999694824219', '123.4500', '12:34:56.123456', X'1234567890abcdef', X'abcdef1234567890abcdef')
2024-10-08 23:10:05,815 DEBUG Creating MSSQL Connection Pool...
2024-10-08 23:10:09,387 DEBUG Creating MySQL Connection Pool...
2024-10-08 23:10:09,600 DEBUG posv3 ve posv2 tabloları için kolon kontrolü başlatıldı.
2024-10-08 23:10:09,704 DEBUG posv2 tablosu bulunamadı, oluşturuluyor.
2024-10-08 23:10:09,818 DEBUG Identity column found: ID with seed 1 and increment 1
2024-10-08 23:10:12,404 DEBUG Create table query: CREATE TABLE posv2 (ID BIGINT AUTO_INCREMENT, testcolumn1 SMALLINT, testcolumn2 TINYINT, testcolumn3 FLOAT, testcolumn4 DECIMAL(18,8), testcolumn5 DECIMAL(18,2), testcolumn6 TEXT, testcolumn7 TEXT, testcolumn8 DATETIME, testcolumn9 LONGTEXT, testcolumn10 LONGTEXT, testcolumn11 TEXT, testcolumn12 CHAR(36), testcolumn13 CHAR(10), testcolumn14 BINARY(50), testcolumn15 TINYINT(1), testcolumn16 DATE, testcolumn17 DATETIME(6), testcolumn18 DATETIME, testcolumn20 LONGBLOB, testcolumn21 DECIMAL(19,4), testcolumn22 FLOAT, testcolumn23 DECIMAL(10,4), testcolumn24 TIME(6), testcolumn25 VARBINARY(50), testcolumn26 LONGBLOB, PRIMARY KEY (ID))
2024-10-08 23:10:12,443 DEBUG Set AUTO_INCREMENT seed: ALTER TABLE posv2 AUTO_INCREMENT = 1
2024-10-08 23:10:12,463 DEBUG posv3 ve posv2 tabloları arasında veri senkronizasyonu başlatıldı.
2024-10-08 23:10:12,661 DEBUG Insert query: INSERT INTO posv2 (ID, testcolumn1, testcolumn2, testcolumn3, testcolumn4, testcolumn5, testcolumn6, testcolumn7, testcolumn8, testcolumn9, testcolumn10, testcolumn11, testcolumn12, testcolumn13, testcolumn14, testcolumn15, testcolumn16, testcolumn17, testcolumn18, testcolumn20, testcolumn21, testcolumn22, testcolumn23, testcolumn24, testcolumn25, testcolumn26) VALUES ('1', '5', '2', '12.34', '1234567.12345678', '98765.12', 'example nvarchar', 'example varchar', '2024-10-08 12:35:00', 'example text', 'example ntext', '<xml><data>example</data></xml>', '550E8400-E29B-41D4-A716-446655440000', 'example   ', X'1234567890abcdef000000000000000000000000000000000000000000000000000000000000000000000000000000000000', 1, '2024-10-08', '2024-10-08 12:34:56.123456', '2024-10-08 12:34:56', X'abcdef1234567890', '12345.6700', '123.44999694824219', '123.4500', '12:34:56.123456', X'1234567890abcdef', X'abcdef1234567890abcdef')
2024-10-08 23:11:15,423 DEBUG Creating MSSQL Connection Pool...
2024-10-08 23:11:19,240 DEBUG Creating MySQL Connection Pool...
2024-10-08 23:11:19,322 DEBUG posv3 ve posv3 tabloları için kolon kontrolü başlatıldı.
2024-10-08 23:11:19,329 DEBUG posv3 tablosu bulunamadı, oluşturuluyor.
2024-10-08 23:11:19,430 DEBUG Identity column found: ID with seed 1 and increment 1
2024-10-08 23:11:19,756 DEBUG Create table query: CREATE TABLE posv3 (ID BIGINT AUTO_INCREMENT, tb1 TINYINT(1), tb2 DATE, tb3 DATETIME(6), PRIMARY KEY (ID))
2024-10-08 23:11:19,776 DEBUG Set AUTO_INCREMENT seed: ALTER TABLE posv3 AUTO_INCREMENT = 1
2024-10-08 23:11:19,790 DEBUG posv3 ve posv3 tabloları arasında veri senkronizasyonu başlatıldı.
2024-10-08 23:11:19,888 DEBUG Insert query: INSERT INTO posv3 (ID, tb1, tb2, tb3) VALUES ('1', 1, '2024-10-08', '2024-10-08 12:34:56.123456')
2024-10-08 23:12:10,551 DEBUG Creating MSSQL Connection Pool...
2024-10-08 23:12:14,118 DEBUG Creating MySQL Connection Pool...
2024-10-08 23:12:14,208 ERROR Hata: JSON dosyasında target_table bulunmalı çünkü table_as_is = 0
2024-10-08 23:12:28,012 DEBUG Creating MSSQL Connection Pool...
2024-10-08 23:12:31,446 DEBUG Creating MySQL Connection Pool...
2024-10-08 23:12:31,508 ERROR Hata: JSON dosyasında columns bulunmalı çünkü column_as_is = 0
2024-10-08 23:13:35,606 DEBUG Creating MSSQL Connection Pool...
2024-10-08 23:13:39,077 DEBUG Creating MySQL Connection Pool...
2024-10-08 23:13:39,181 DEBUG posv3 ve posv3 tabloları için kolon kontrolü başlatıldı.
2024-10-08 23:13:39,191 DEBUG posv3 tablosu bulunamadı, oluşturuluyor.
2024-10-08 23:13:39,313 DEBUG Identity column found: ID with seed 1 and increment 1
2024-10-08 23:13:39,633 DEBUG Create table query: CREATE TABLE posv3 (ID BIGINT AUTO_INCREMENT, tb1 TINYINT(1), tb2 DATE, tb3 DATETIME(6), PRIMARY KEY (ID))
2024-10-08 23:13:39,658 DEBUG Set AUTO_INCREMENT seed: ALTER TABLE posv3 AUTO_INCREMENT = 1
2024-10-08 23:13:39,665 DEBUG posv3 ve posv3 tabloları arasında veri senkronizasyonu başlatıldı.
2024-10-08 23:13:39,754 ERROR Hata: ('42S22', "[42S22] [Microsoft][ODBC Driver 17 for SQL Server][SQL Server]Invalid column name 'IDT'. (207) (SQLExecDirectW)")
2024-10-08 23:17:06,494 DEBUG Creating MSSQL Connection Pool...
2024-10-08 23:17:10,097 DEBUG Creating MySQL Connection Pool...
2024-10-08 23:17:10,212 DEBUG posv3 ve posv3 tabloları için kolon kontrolü başlatıldı.
2024-10-08 23:17:10,229 ERROR Hata: create_target_table() missing 1 required positional argument: 'target_id'
2024-10-08 23:18:52,601 DEBUG Creating MSSQL Connection Pool...
2024-10-08 23:18:56,048 DEBUG Creating MySQL Connection Pool...
2024-10-08 23:18:56,137 DEBUG posv3 ve posv3 tabloları için kolon kontrolü başlatıldı.
2024-10-08 23:18:56,160 DEBUG posv3 tablosu bulunamadı, oluşturuluyor.
2024-10-08 23:18:56,263 DEBUG Identity column found: ID with seed 1 and increment 1
2024-10-08 23:18:56,587 DEBUG Create table query: CREATE TABLE posv3 (ID BIGINT AUTO_INCREMENT, tb1 TINYINT(1), tb2 DATE, tb3 DATETIME(6), PRIMARY KEY (ID))
2024-10-08 23:18:56,631 DEBUG Set AUTO_INCREMENT seed: ALTER TABLE posv3 AUTO_INCREMENT = 1
2024-10-08 23:18:56,641 DEBUG posv3 ve posv3 tabloları arasında veri senkronizasyonu başlatıldı.
2024-10-08 23:18:56,736 DEBUG Insert query: INSERT INTO posv3 (ID, tb1, tb2, tb3) VALUES ('1', 1, '2024-10-08', '2024-10-08 12:34:56.123456')
2024-10-08 23:19:30,013 DEBUG Creating MSSQL Connection Pool...
2024-10-08 23:19:33,482 DEBUG Creating MySQL Connection Pool...
2024-10-08 23:19:33,574 DEBUG posv3 ve posv3 tabloları için kolon kontrolü başlatıldı.
2024-10-08 23:19:33,581 DEBUG posv3 tablosu bulunamadı, oluşturuluyor.
2024-10-08 23:19:33,694 DEBUG Identity column found: ID with seed 1 and increment 1
2024-10-08 23:19:34,004 DEBUG Create table query: CREATE TABLE posv3 (idt BIGINT AUTO_INCREMENT, tb1 TINYINT(1), tb2 DATE, tb3 DATETIME(6), PRIMARY KEY (idt))
2024-10-08 23:19:34,039 DEBUG Set AUTO_INCREMENT seed: ALTER TABLE posv3 AUTO_INCREMENT = 1
2024-10-08 23:19:34,050 DEBUG posv3 ve posv3 tabloları arasında veri senkronizasyonu başlatıldı.
2024-10-08 23:19:34,140 ERROR Hata: ('42S22', "[42S22] [Microsoft][ODBC Driver 17 for SQL Server][SQL Server]Invalid column name 'idt'. (207) (SQLExecDirectW)")
2024-10-08 23:20:54,554 DEBUG Creating MSSQL Connection Pool...
2024-10-08 23:20:58,159 DEBUG Creating MySQL Connection Pool...
2024-10-08 23:20:58,258 DEBUG posv3 ve posv3 tabloları için kolon kontrolü başlatıldı.
2024-10-08 23:20:58,277 DEBUG posv3 tablosu bulunamadı, oluşturuluyor.
2024-10-08 23:20:58,381 DEBUG Identity column found: ID with seed 1 and increment 1
2024-10-08 23:20:58,687 DEBUG Create table query: CREATE TABLE posv3 (idt BIGINT AUTO_INCREMENT, tb1 TINYINT(1), tb2 DATE, tb3 DATETIME(6), PRIMARY KEY (idt))
2024-10-08 23:20:58,718 DEBUG Set AUTO_INCREMENT seed: ALTER TABLE posv3 AUTO_INCREMENT = 1
2024-10-08 23:20:58,729 DEBUG posv3 ve posv3 tabloları arasında veri senkronizasyonu başlatıldı.
2024-10-08 23:20:58,822 ERROR Hata: ('42S22', "[42S22] [Microsoft][ODBC Driver 17 for SQL Server][SQL Server]Invalid column name 'idt'. (207) (SQLExecDirectW)")
2024-10-08 23:22:09,514 DEBUG Creating MSSQL Connection Pool...
2024-10-08 23:22:13,294 DEBUG Creating MySQL Connection Pool...
2024-10-08 23:22:13,365 DEBUG posv3 ve posv3 tabloları için kolon kontrolü başlatıldı.
2024-10-08 23:22:13,371 DEBUG posv3 tablosu bulunamadı, oluşturuluyor.
2024-10-08 23:22:13,483 DEBUG Identity column found: ID with seed 1 and increment 1
2024-10-08 23:22:13,849 DEBUG Create table query: CREATE TABLE posv3 (idt BIGINT AUTO_INCREMENT, tb1 TINYINT(1), tb2 DATE, tb3 DATETIME(6), PRIMARY KEY (idt))
2024-10-08 23:22:13,876 DEBUG Set AUTO_INCREMENT seed: ALTER TABLE posv3 AUTO_INCREMENT = 1
2024-10-08 23:22:13,884 DEBUG posv3 ve posv3 tabloları arasında veri senkronizasyonu başlatıldı.
2024-10-08 23:22:13,988 ERROR Hata: ('42S22', "[42S22] [Microsoft][ODBC Driver 17 for SQL Server][SQL Server]Invalid column name 'idt'. (207) (SQLExecDirectW)")
2024-10-08 23:24:19,584 DEBUG Creating MSSQL Connection Pool...
2024-10-08 23:24:23,236 DEBUG Creating MySQL Connection Pool...
2024-10-08 23:24:23,337 DEBUG posv3 ve posv3 tabloları için kolon kontrolü başlatıldı.
2024-10-08 23:24:23,362 DEBUG posv3 tablosu bulunamadı, oluşturuluyor.
2024-10-08 23:24:23,489 DEBUG Identity column found: ID with seed 1 and increment 1
2024-10-08 23:24:23,817 DEBUG Create table query: CREATE TABLE posv3 (idt BIGINT AUTO_INCREMENT, tb1 TINYINT(1), tb2 DATE, tb3 DATETIME(6), PRIMARY KEY (idt))
2024-10-08 23:24:23,840 DEBUG Set AUTO_INCREMENT seed: ALTER TABLE posv3 AUTO_INCREMENT = 1
2024-10-08 23:24:23,850 DEBUG posv3 ve posv3 tabloları arasında veri senkronizasyonu başlatıldı.
2024-10-08 23:24:23,988 ERROR Hata: ('42S22', "[42S22] [Microsoft][ODBC Driver 17 for SQL Server][SQL Server]Invalid column name 'idt'. (207) (SQLExecDirectW)")
2024-10-08 23:25:00,616 DEBUG Creating MSSQL Connection Pool...
2024-10-08 23:25:04,529 DEBUG Creating MySQL Connection Pool...
2024-10-08 23:25:04,619 DEBUG posv3 ve posv3 tabloları için kolon kontrolü başlatıldı.
2024-10-08 23:25:04,628 DEBUG posv3 tablosu bulunamadı, oluşturuluyor.
2024-10-08 23:25:04,757 DEBUG Identity column found: ID with seed 1 and increment 1
2024-10-08 23:25:05,096 DEBUG Create table query: CREATE TABLE posv3 (idt BIGINT AUTO_INCREMENT, tb1 TINYINT(1), tb2 DATE, tb3 DATETIME(6), PRIMARY KEY (idt))
2024-10-08 23:25:05,116 DEBUG Set AUTO_INCREMENT seed: ALTER TABLE posv3 AUTO_INCREMENT = 1
2024-10-08 23:25:05,123 DEBUG posv3 ve posv3 tabloları arasında veri senkronizasyonu başlatıldı.
2024-10-08 23:25:05,223 ERROR Hata: ('42S22', "[42S22] [Microsoft][ODBC Driver 17 for SQL Server][SQL Server]Invalid column name 'idt'. (207) (SQLExecDirectW)")
2024-10-08 23:26:17,587 DEBUG Creating MSSQL Connection Pool...
2024-10-08 23:26:21,182 DEBUG Creating MySQL Connection Pool...
2024-10-08 23:26:21,287 DEBUG posv3 ve posv3 tabloları için kolon kontrolü başlatıldı.
2024-10-08 23:26:21,310 DEBUG posv3 tablosu bulunamadı, oluşturuluyor.
2024-10-08 23:26:21,782 ERROR Hata: Source'da posv3 tablosunda idt kolonunun tipi bulunamadı.
2024-10-08 23:26:37,909 DEBUG Creating MSSQL Connection Pool...
2024-10-08 23:26:41,416 DEBUG Creating MySQL Connection Pool...
2024-10-08 23:26:41,503 DEBUG posv3 ve posv3 tabloları için kolon kontrolü başlatıldı.
2024-10-08 23:26:41,509 DEBUG posv3 tablosu bulunamadı, oluşturuluyor.
2024-10-08 23:26:41,941 DEBUG Identity column found: ID with seed 1 and increment 1
2024-10-08 23:26:41,942 DEBUG Create table query: CREATE TABLE posv3 (tb1 TINYINT(1), tb2 DATE, tb3 DATETIME(6), idt BIGINT AUTO_INCREMENT, PRIMARY KEY (idt))
2024-10-08 23:26:41,969 DEBUG Set AUTO_INCREMENT seed: ALTER TABLE posv3 AUTO_INCREMENT = 1
2024-10-08 23:26:41,979 DEBUG posv3 ve posv3 tabloları arasında veri senkronizasyonu başlatıldı.
2024-10-08 23:26:42,152 ERROR Hata: ('42S22', "[42S22] [Microsoft][ODBC Driver 17 for SQL Server][SQL Server]Invalid column name 'idt'. (207) (SQLExecDirectW)")
2024-10-08 23:27:18,795 DEBUG Creating MSSQL Connection Pool...
2024-10-08 23:27:22,284 DEBUG Creating MySQL Connection Pool...
2024-10-08 23:27:22,375 DEBUG posv3 ve posv3 tabloları için kolon kontrolü başlatıldı.
2024-10-08 23:27:22,393 DEBUG posv3 tablosu bulunamadı, oluşturuluyor.
2024-10-08 23:27:22,485 DEBUG Identity column found: ID with seed 1 and increment 1
2024-10-08 23:27:22,811 DEBUG Create table query: CREATE TABLE posv3 (idt BIGINT AUTO_INCREMENT, tb1 TINYINT(1), tb2 DATE, tb3 DATETIME(6), PRIMARY KEY (idt))
2024-10-08 23:27:22,831 DEBUG Set AUTO_INCREMENT seed: ALTER TABLE posv3 AUTO_INCREMENT = 1
2024-10-08 23:27:22,840 DEBUG posv3 ve posv3 tabloları arasında veri senkronizasyonu başlatıldı.
2024-10-08 23:27:22,942 ERROR Hata: ('42S22', "[42S22] [Microsoft][ODBC Driver 17 for SQL Server][SQL Server]Invalid column name 'idt'. (207) (SQLExecDirectW)")
2024-10-08 23:29:08,806 DEBUG Creating MSSQL Connection Pool...
2024-10-08 23:29:12,207 DEBUG Creating MySQL Connection Pool...
2024-10-08 23:29:12,289 DEBUG posv3 ve posv3 tabloları için kolon kontrolü başlatıldı.
2024-10-08 23:29:12,297 DEBUG posv3 tablosu bulunamadı, oluşturuluyor.
2024-10-08 23:29:12,402 DEBUG Identity column found: ID with seed 1 and increment 1
2024-10-08 23:29:12,717 DEBUG Create table query: CREATE TABLE posv3 (idt BIGINT AUTO_INCREMENT, tb1 TINYINT(1), tb2 DATE, tb3 DATETIME(6), PRIMARY KEY (idt))
2024-10-08 23:29:12,747 DEBUG Set AUTO_INCREMENT seed: ALTER TABLE posv3 AUTO_INCREMENT = 1
2024-10-08 23:29:12,758 DEBUG posv3 ve posv3 tabloları arasında veri senkronizasyonu başlatıldı.
2024-10-08 23:29:12,848 ERROR Hata: ('42S22', "[42S22] [Microsoft][ODBC Driver 17 for SQL Server][SQL Server]Invalid column name 'idt'. (207) (SQLExecDirectW)")
2024-10-08 23:30:33,141 DEBUG Creating MSSQL Connection Pool...
2024-10-08 23:30:36,549 DEBUG Creating MySQL Connection Pool...
2024-10-08 23:30:36,645 DEBUG posv3 ve posv3 tabloları için kolon kontrolü başlatıldı.
2024-10-08 23:30:36,660 DEBUG posv3 tablosu bulunamadı, oluşturuluyor.
2024-10-08 23:30:36,771 DEBUG Identity column found: ID with seed 1 and increment 1
2024-10-08 23:30:37,055 DEBUG Create table query: CREATE TABLE posv3 (idt BIGINT AUTO_INCREMENT, tb1 TINYINT(1), tb2 DATE, tb3 DATETIME(6), PRIMARY KEY (idt))
2024-10-08 23:30:37,086 DEBUG Set AUTO_INCREMENT seed: ALTER TABLE posv3 AUTO_INCREMENT = 1
2024-10-08 23:30:37,101 DEBUG posv3 ve posv3 tabloları arasında veri senkronizasyonu başlatıldı.
2024-10-08 23:30:37,204 ERROR Hata: ('42S22', "[42S22] [Microsoft][ODBC Driver 17 for SQL Server][SQL Server]Invalid column name 'idt'. (207) (SQLExecDirectW)")
2024-10-08 23:31:54,133 DEBUG Creating MSSQL Connection Pool...
2024-10-08 23:32:10,615 ERROR Hata: ('HYT00', '[HYT00] [Microsoft][ODBC Driver 17 for SQL Server]Login timeout expired (0) (SQLDriverConnect)')
2024-10-08 23:32:18,045 DEBUG Creating MSSQL Connection Pool...
2024-10-08 23:32:34,511 ERROR Hata: ('HYT00', '[HYT00] [Microsoft][ODBC Driver 17 for SQL Server]Login timeout expired (0) (SQLDriverConnect)')
